<?xml version="1.0" encoding="UTF-8"?>
<!-- Generated by org.testng.reporters.JUnitReportReporter -->
<testsuite hostname="inlen8520023665" failures="0" tests="2" name="rahulshettyacademy.Tests.ErrorValidationsTest" time="38.405" errors="0" timestamp="2023-01-31T22:29:46 IST" skipped="0">
  <testcase classname="rahulshettyacademy.Tests.ErrorValidationsTest" name="ProductErrorValidation" time="18.056"/>
  <system-out/>
  <testcase classname="rahulshettyacademy.Tests.ErrorValidationsTest" name="LoginErrorValidation" time="20.349"/>
  <system-out/>
</testsuite> <!-- rahulshettyacademy.Tests.ErrorValidationsTest -->
