<?xml version="1.0" encoding="UTF-8"?>
<!-- Generated by org.testng.reporters.JUnitReportReporter -->
<testsuite hostname="inlen8520023665" failures="0" tests="1" name="rahulshettyacademy.Tests.ErrorValidations" time="6.695" errors="0" timestamp="2023-01-30T20:13:54 IST" skipped="0">
  <testcase classname="rahulshettyacademy.Tests.ErrorValidations" name="submitOrder" time="6.695"/>
  <system-out/>
</testsuite> <!-- rahulshettyacademy.Tests.ErrorValidations -->
