<?xml version="1.0" encoding="UTF-8"?>
<!-- Generated by org.testng.reporters.JUnitReportReporter -->
<testsuite hostname="inlen8520023665" failures="0" tests="3" name="rahulshettyacademy.Tests.StandAloneTest" time="41.283" errors="0" timestamp="2023-01-31T14:12:13 IST" skipped="0">
  <testcase classname="rahulshettyacademy.Tests.StandAloneTest" name="submitOrder" time="17.762"/>
  <system-out/>
  <testcase classname="rahulshettyacademy.Tests.StandAloneTest" name="OrderHistoryTest" time="3.564"/>
  <system-out/>
  <testcase classname="rahulshettyacademy.Tests.StandAloneTest" name="submitOrder" time="19.957"/>
  <system-out/>
</testsuite> <!-- rahulshettyacademy.Tests.StandAloneTest -->
