<?xml version="1.0" encoding="UTF-8"?>
<!-- Generated by org.testng.reporters.JUnitReportReporter -->
<testsuite hostname="inlen8520023665" failures="0" tests="3" name="rahulshettyacademy.Tests.StandAloneTestJsonParameter" time="52.876" errors="0" timestamp="2023-02-01T13:35:19 IST" skipped="0">
  <testcase classname="rahulshettyacademy.Tests.StandAloneTestJsonParameter" name="submitOrder" time="16.987"/>
  <system-out/>
  <testcase classname="rahulshettyacademy.Tests.StandAloneTestJsonParameter" name="OrderHistoryTest" time="3.087"/>
  <system-out/>
  <testcase classname="rahulshettyacademy.Tests.StandAloneTestJsonParameter" name="submitOrder" time="32.802"/>
  <system-out/>
</testsuite> <!-- rahulshettyacademy.Tests.StandAloneTestJsonParameter -->
